Using pre-set license
Built from '2021.3/staging' branch; Version is '2021.3.21f1 (1b156197d683) revision 1774945'; Using compiler version '192829333'; Build Type 'Release'
OS: 'Windows 11  (10.0.22621) 64bit Core' Language: 'zh' Physical Memory: 8043 MB
BatchMode: 1, IsHumanControllingUs: 0, StartBugReporterOnCrash: 0, Is64bit: 1, IsPro: 1

COMMAND LINE ARGUMENTS:
D:\unity\2021.3.21f1\Editor\Unity.exe
-adb2
-batchMode
-noUpm
-name
AssetImportWorker0
-projectPath
D:/unity/R.A._1001_Test
-logFile
Logs/AssetImportWorker0.log
-srvPort
54324
Successfully changed project path to: D:/unity/R.A._1001_Test
D:/unity/R.A._1001_Test
[UnityMemory] Configuration Parameters - Can be set up in boot.config
    "memorysetup-bucket-allocator-granularity=16"
    "memorysetup-bucket-allocator-bucket-count=8"
    "memorysetup-bucket-allocator-block-size=33554432"
    "memorysetup-bucket-allocator-block-count=8"
    "memorysetup-main-allocator-block-size=16777216"
    "memorysetup-thread-allocator-block-size=16777216"
    "memorysetup-gfx-main-allocator-block-size=16777216"
    "memorysetup-gfx-thread-allocator-block-size=16777216"
    "memorysetup-cache-allocator-block-size=4194304"
    "memorysetup-typetree-allocator-block-size=2097152"
    "memorysetup-profiler-bucket-allocator-granularity=16"
    "memorysetup-profiler-bucket-allocator-bucket-count=8"
    "memorysetup-profiler-bucket-allocator-block-size=33554432"
    "memorysetup-profiler-bucket-allocator-block-count=8"
    "memorysetup-profiler-allocator-block-size=16777216"
    "memorysetup-profiler-editor-allocator-block-size=1048576"
    "memorysetup-temp-allocator-size-main=16777216"
    "memorysetup-job-temp-allocator-block-size=2097152"
    "memorysetup-job-temp-allocator-block-size-background=1048576"
    "memorysetup-job-temp-allocator-reduction-small-platforms=262144"
    "memorysetup-temp-allocator-size-background-worker=32768"
    "memorysetup-temp-allocator-size-job-worker=262144"
    "memorysetup-temp-allocator-size-preload-manager=33554432"
    "memorysetup-temp-allocator-size-nav-mesh-worker=65536"
    "memorysetup-temp-allocator-size-audio-worker=65536"
    "memorysetup-temp-allocator-size-cloud-worker=32768"
    "memorysetup-temp-allocator-size-gi-baking-worker=262144"
    "memorysetup-temp-allocator-size-gfx=262144"
Player connection [29532] Host "[IP] 192.168.0.104 [Port] 0 [Flags] 2 [Guid] 4082157451 [EditorId] 4082157451 [Version] 1048832 [Id] WindowsEditor(7,LAPTOP-CE5HOPSB) [Debug] 1 [PackageName] WindowsEditor [ProjectName] Editor" joined multi-casting on [225.0.0.222:54997]...

Player connection [29532] Host "[IP] 192.168.0.104 [Port] 0 [Flags] 2 [Guid] 4082157451 [EditorId] 4082157451 [Version] 1048832 [Id] WindowsEditor(7,LAPTOP-CE5HOPSB) [Debug] 1 [PackageName] WindowsEditor [ProjectName] Editor" joined alternative multi-casting on [225.0.0.222:34997]...

Refreshing native plugins compatible for Editor in 111.67 ms, found 4 plugins.
Preloading 0 native plugins for Editor in 0.00 ms.
Initialize engine version: 2021.3.21f1 (1b156197d683)
[Subsystems] Discovering subsystems at path D:/unity/2021.3.21f1/Editor/Data/Resources/UnitySubsystems
[Subsystems] Discovering subsystems at path D:/unity/R.A._1001_Test/Assets
GfxDevice: creating device client; threaded=0; jobified=0
Direct3D:
    Version:  Direct3D 11.0 [level 11.1]
    Renderer: NVIDIA GeForce MX230 (ID=0x1d11)
    Vendor:   NVIDIA
    VRAM:     1984 MB
    Driver:   30.0.15.1169
Initialize mono
Mono path[0] = 'D:/unity/2021.3.21f1/Editor/Data/Managed'
Mono path[1] = 'D:/unity/2021.3.21f1/Editor/Data/MonoBleedingEdge/lib/mono/unityjit-win32'
Mono config path = 'D:/unity/2021.3.21f1/Editor/Data/MonoBleedingEdge/etc'
Using monoOptions --debugger-agent=transport=dt_socket,embedding=1,server=y,suspend=n,address=127.0.0.1:56632
Begin MonoManager ReloadAssembly
Registering precompiled unity dll's ...
Register platform support module: D:/unity/2021.3.21f1/Editor/Data/PlaybackEngines/WindowsStandaloneSupport/UnityEditor.WindowsStandalone.Extensions.dll
Registered in 0.001602 seconds.
Native extension for WindowsStandalone target not found
Refreshing native plugins compatible for Editor in 147.57 ms, found 4 plugins.
Preloading 0 native plugins for Editor in 0.00 ms.
Mono: successfully reloaded assembly
- Completed reload, in  0.876 seconds
Domain Reload Profiling:
	ReloadAssembly (877ms)
		BeginReloadAssembly (127ms)
			ExecutionOrderSort (0ms)
			DisableScriptedObjects (0ms)
			BackupInstance (0ms)
			ReleaseScriptingObjects (0ms)
			CreateAndSetChildDomain (1ms)
		EndReloadAssembly (639ms)
			LoadAssemblies (125ms)
			RebuildTransferFunctionScriptingTraits (0ms)
			SetupTypeCache (158ms)
			ReleaseScriptCaches (0ms)
			RebuildScriptCaches (34ms)
			SetupLoadedEditorAssemblies (391ms)
				LogAssemblyErrors (0ms)
				InitializePlatformSupportModulesInManaged (8ms)
				SetLoadedEditorAssemblies (0ms)
				RefreshPlugins (148ms)
				BeforeProcessingInitializeOnLoad (2ms)
				ProcessInitializeOnLoadAttributes (177ms)
				ProcessInitializeOnLoadMethodAttributes (57ms)
				AfterProcessingInitializeOnLoad (0ms)
				EditorAssembliesLoaded (0ms)
			ExecutionOrderSort2 (0ms)
			AwakeInstancesAfterBackupRestoration (0ms)
Platform modules already initialized, skipping
Registering precompiled user dll's ...
Registered in 0.003333 seconds.
Begin MonoManager ReloadAssembly
Symbol file LoadedFromMemory doesn't match image D:\unity\R.A._1001_Test\Library\PackageCache\com.unity.visualscripting@1.8.0\Editor\VisualScripting.Core\Dependencies\YamlDotNet\Unity.VisualScripting.YamlDotNet.dll
Symbol file LoadedFromMemory doesn't match image D:\unity\R.A._1001_Test\Library\PackageCache\com.unity.visualscripting@1.8.0\Editor\VisualScripting.Core\Dependencies\DotNetZip\Unity.VisualScripting.IonicZip.dll
Native extension for WindowsStandalone target not found
Refreshing native plugins compatible for Editor in 136.84 ms, found 4 plugins.
Preloading 0 native plugins for Editor in 0.00 ms.
Mono: successfully reloaded assembly
- Completed reload, in  1.556 seconds
Domain Reload Profiling:
	ReloadAssembly (1557ms)
		BeginReloadAssembly (123ms)
			ExecutionOrderSort (0ms)
			DisableScriptedObjects (6ms)
			BackupInstance (0ms)
			ReleaseScriptingObjects (0ms)
			CreateAndSetChildDomain (21ms)
		EndReloadAssembly (1319ms)
			LoadAssemblies (101ms)
			RebuildTransferFunctionScriptingTraits (0ms)
			SetupTypeCache (360ms)
			ReleaseScriptCaches (1ms)
			RebuildScriptCaches (95ms)
			SetupLoadedEditorAssemblies (686ms)
				LogAssemblyErrors (0ms)
				InitializePlatformSupportModulesInManaged (5ms)
				SetLoadedEditorAssemblies (0ms)
				RefreshPlugins (137ms)
				BeforeProcessingInitializeOnLoad (119ms)
				ProcessInitializeOnLoadAttributes (364ms)
				ProcessInitializeOnLoadMethodAttributes (58ms)
				AfterProcessingInitializeOnLoad (3ms)
				EditorAssembliesLoaded (0ms)
			ExecutionOrderSort2 (0ms)
			AwakeInstancesAfterBackupRestoration (9ms)
Platform modules already initialized, skipping
========================================================================
Worker process is ready to serve import requests
Launched and connected shader compiler UnityShaderCompiler.exe after 0.06 seconds
Refreshing native plugins compatible for Editor in 1.52 ms, found 4 plugins.
Preloading 0 native plugins for Editor in 0.00 ms.
Unloading 3996 Unused Serialized files (Serialized files now loaded: 0)
Unloading 54 unused Assets / (299.6 KB). Loaded Objects now: 4450.
Memory consumption went from 157.5 MB to 157.2 MB.
Total: 4.483800 ms (FindLiveObjects: 0.375700 ms CreateObjectMapping: 0.296000 ms MarkObjects: 3.587700 ms  DeleteObjects: 0.223200 ms)

AssetImportParameters requested are different than current active one (requested -> active):
  custom:video-decoder-ogg-theora: a1e56fd34408186e4bbccfd4996cb3dc -> 
  custom:container-muxer-webm: aa71ff27fc2769a1b78a27578f13a17b -> 
  custom:container-demuxer-webm: 4f35f7cbe854078d1ac9338744f61a02 -> 
  custom:video-encoder-webm-vp8: eb34c28f22e8b96e1ab97ce403110664 -> 
  custom:audio-encoder-webm-vorbis: bf7c407c2cedff20999df2af8eb42d56 -> 
  custom:framework-win-MediaFoundation: 216162199b28c13a410421893ffa2e32 -> 
  custom:container-demuxer-ogg: 62fdf1f143b41e24485cea50d1cbac27 -> 
  custom:video-decoder-webm-vp8: 9c59270c3fd7afecdb556c50c9e8de78 -> 
  custom:audio-decoder-ogg-vorbis: bf7c407c2cedff20999df2af8eb42d56 -> 
========================================================================
Received Import Request.
  Time since last request: 2126208.989123 seconds.
  path: Assets/prefabs/Enemy/DeadMyself.prefab
  artifactKey: Guid(ea634a20a3316f64b89461cdd5aa799e) Importer(815301076,1909f56bfc062723c751e8b465ee728b)
Start importing Assets/prefabs/Enemy/DeadMyself.prefab using Guid(ea634a20a3316f64b89461cdd5aa799e) Importer(815301076,1909f56bfc062723c751e8b465ee728b)  -> (artifact id: 'bf07fdd7145ad6f42631c25c9b44f469') in 0.145997 seconds 
========================================================================
Received Import Request.
  Time since last request: 2.915877 seconds.
  path: Assets/prefabs/Enemy/DeadMyself.prefab
  artifactKey: Guid(ea634a20a3316f64b89461cdd5aa799e) Importer(815301076,1909f56bfc062723c751e8b465ee728b)
Start importing Assets/prefabs/Enemy/DeadMyself.prefab using Guid(ea634a20a3316f64b89461cdd5aa799e) Importer(815301076,1909f56bfc062723c751e8b465ee728b)  -> (artifact id: '2b4f625776bd91e4730c5d76781842c4') in 0.353587 seconds 
========================================================================
Received Import Request.
  Time since last request: 1.063459 seconds.
  path: Assets/prefabs/Enemy/DeadMyself.prefab
  artifactKey: Guid(ea634a20a3316f64b89461cdd5aa799e) Importer(815301076,1909f56bfc062723c751e8b465ee728b)
Start importing Assets/prefabs/Enemy/DeadMyself.prefab using Guid(ea634a20a3316f64b89461cdd5aa799e) Importer(815301076,1909f56bfc062723c751e8b465ee728b)  -> (artifact id: 'ce0cf977b2e11890526d27559a42c67e') in 0.008402 seconds 
========================================================================
Received Import Request.
  Time since last request: 5.898026 seconds.
  path: Assets/prefabs/Enemy/DeadMyself.prefab
  artifactKey: Guid(ea634a20a3316f64b89461cdd5aa799e) Importer(815301076,1909f56bfc062723c751e8b465ee728b)
Start importing Assets/prefabs/Enemy/DeadMyself.prefab using Guid(ea634a20a3316f64b89461cdd5aa799e) Importer(815301076,1909f56bfc062723c751e8b465ee728b)  -> (artifact id: '3da0db4d3f52943d1cc6a156113b2809') in 0.008450 seconds 
========================================================================
Received Import Request.
  Time since last request: 45.064573 seconds.
  path: Assets/prefabs/Enemy/DeadMyself.prefab
  artifactKey: Guid(ea634a20a3316f64b89461cdd5aa799e) Importer(815301076,1909f56bfc062723c751e8b465ee728b)
Start importing Assets/prefabs/Enemy/DeadMyself.prefab using Guid(ea634a20a3316f64b89461cdd5aa799e) Importer(815301076,1909f56bfc062723c751e8b465ee728b)  -> (artifact id: '65930dd7d045b606defefb78f01283a5') in 0.008493 seconds 
========================================================================
Received Import Request.
  Time since last request: 51.190486 seconds.
  path: Assets/prefabs/Enemy/DeadMyself.prefab
  artifactKey: Guid(ea634a20a3316f64b89461cdd5aa799e) Importer(815301076,1909f56bfc062723c751e8b465ee728b)
Start importing Assets/prefabs/Enemy/DeadMyself.prefab using Guid(ea634a20a3316f64b89461cdd5aa799e) Importer(815301076,1909f56bfc062723c751e8b465ee728b)  -> (artifact id: '2620f83ff6a129bc58d1e1f87eabd400') in 0.008191 seconds 
========================================================================
Received Import Request.
  Time since last request: 2.096503 seconds.
  path: Assets/prefabs/Enemy/DeadMyself.prefab
  artifactKey: Guid(ea634a20a3316f64b89461cdd5aa799e) Importer(815301076,1909f56bfc062723c751e8b465ee728b)
Start importing Assets/prefabs/Enemy/DeadMyself.prefab using Guid(ea634a20a3316f64b89461cdd5aa799e) Importer(815301076,1909f56bfc062723c751e8b465ee728b)  -> (artifact id: 'ef594b14221afc92e56beb1d9008c2d8') in 0.008613 seconds 
========================================================================
Received Prepare
Registering precompiled user dll's ...
Registered in 0.003264 seconds.
Begin MonoManager ReloadAssembly
Symbol file LoadedFromMemory doesn't match image D:\unity\R.A._1001_Test\Library\PackageCache\com.unity.visualscripting@1.8.0\Editor\VisualScripting.Core\Dependencies\YamlDotNet\Unity.VisualScripting.YamlDotNet.dll
Symbol file LoadedFromMemory doesn't match image D:\unity\R.A._1001_Test\Library\PackageCache\com.unity.visualscripting@1.8.0\Editor\VisualScripting.Core\Dependencies\DotNetZip\Unity.VisualScripting.IonicZip.dll
Native extension for WindowsStandalone target not found
Refreshing native plugins compatible for Editor in 0.95 ms, found 4 plugins.
Preloading 0 native plugins for Editor in 0.00 ms.
Mono: successfully reloaded assembly
- Completed reload, in  2.924 seconds
Domain Reload Profiling:
	ReloadAssembly (2925ms)
		BeginReloadAssembly (709ms)
			ExecutionOrderSort (0ms)
			DisableScriptedObjects (7ms)
			BackupInstance (0ms)
			ReleaseScriptingObjects (0ms)
			CreateAndSetChildDomain (42ms)
		EndReloadAssembly (2112ms)
			LoadAssemblies (1819ms)
			RebuildTransferFunctionScriptingTraits (0ms)
			SetupTypeCache (288ms)
			ReleaseScriptCaches (2ms)
			RebuildScriptCaches (55ms)
			SetupLoadedEditorAssemblies (436ms)
				LogAssemblyErrors (0ms)
				InitializePlatformSupportModulesInManaged (6ms)
				SetLoadedEditorAssemblies (0ms)
				RefreshPlugins (1ms)
				BeforeProcessingInitializeOnLoad (71ms)
				ProcessInitializeOnLoadAttributes (317ms)
				ProcessInitializeOnLoadMethodAttributes (38ms)
				AfterProcessingInitializeOnLoad (2ms)
				EditorAssembliesLoaded (0ms)
			ExecutionOrderSort2 (0ms)
			AwakeInstancesAfterBackupRestoration (9ms)
Platform modules already initialized, skipping
Refreshing native plugins compatible for Editor in 73.92 ms, found 4 plugins.
Preloading 0 native plugins for Editor in 0.00 ms.
Unloading 3978 Unused Serialized files (Serialized files now loaded: 0)
Unloading 29 unused Assets / (266.4 KB). Loaded Objects now: 4474.
Memory consumption went from 160.0 MB to 159.8 MB.
Total: 4.143900 ms (FindLiveObjects: 0.339200 ms CreateObjectMapping: 0.278100 ms MarkObjects: 3.267100 ms  DeleteObjects: 0.258400 ms)

AssetImportParameters requested are different than current active one (requested -> active):
  custom:video-decoder-ogg-theora: a1e56fd34408186e4bbccfd4996cb3dc -> 
  custom:container-muxer-webm: aa71ff27fc2769a1b78a27578f13a17b -> 
  custom:container-demuxer-webm: 4f35f7cbe854078d1ac9338744f61a02 -> 
  custom:video-encoder-webm-vp8: eb34c28f22e8b96e1ab97ce403110664 -> 
  custom:audio-encoder-webm-vorbis: bf7c407c2cedff20999df2af8eb42d56 -> 
  custom:framework-win-MediaFoundation: 216162199b28c13a410421893ffa2e32 -> 
  custom:container-demuxer-ogg: 62fdf1f143b41e24485cea50d1cbac27 -> 
  custom:video-decoder-webm-vp8: 9c59270c3fd7afecdb556c50c9e8de78 -> 
  custom:audio-decoder-ogg-vorbis: bf7c407c2cedff20999df2af8eb42d56 -> 
========================================================================
Received Import Request.
  Time since last request: 276.045161 seconds.
  path: Assets/prefabs/Floor.prefab
  artifactKey: Guid(574d443ff3fba5e4f9e9a141b8161d3b) Importer(815301076,1909f56bfc062723c751e8b465ee728b)
Start importing Assets/prefabs/Floor.prefab using Guid(574d443ff3fba5e4f9e9a141b8161d3b) Importer(815301076,1909f56bfc062723c751e8b465ee728b)  -> (artifact id: '4b4c30b73581b6af126ae5a4f347395f') in 0.211147 seconds 
========================================================================
Received Import Request.
  Time since last request: 0.352671 seconds.
  path: Assets/prefabs/Enemy/DeadMyself.prefab
  artifactKey: Guid(ea634a20a3316f64b89461cdd5aa799e) Importer(815301076,1909f56bfc062723c751e8b465ee728b)
Start importing Assets/prefabs/Enemy/DeadMyself.prefab using Guid(ea634a20a3316f64b89461cdd5aa799e) Importer(815301076,1909f56bfc062723c751e8b465ee728b)  -> (artifact id: 'e4771a10d7da40c43f43497e41e4d0c8') in 0.063439 seconds 
========================================================================
Received Import Request.
  Time since last request: 0.000027 seconds.
  path: Assets/prefabs/Enemy/安卓機器人.prefab
  artifactKey: Guid(975d4bb5f8884374c96ee128824f9433) Importer(815301076,1909f56bfc062723c751e8b465ee728b)
Start importing Assets/prefabs/Enemy/安卓機器人.prefab using Guid(975d4bb5f8884374c96ee128824f9433) Importer(815301076,1909f56bfc062723c751e8b465ee728b)  -> (artifact id: '9d7c42489fa84388cb891b8696f9e781') in 0.619645 seconds 
========================================================================
Received Import Request.
  Time since last request: 25.809891 seconds.
  path: Assets/prefabs/Enemy/DeadMyself.prefab
  artifactKey: Guid(ea634a20a3316f64b89461cdd5aa799e) Importer(815301076,1909f56bfc062723c751e8b465ee728b)
Start importing Assets/prefabs/Enemy/DeadMyself.prefab using Guid(ea634a20a3316f64b89461cdd5aa799e) Importer(815301076,1909f56bfc062723c751e8b465ee728b)  -> (artifact id: '808d10b091d091478a18897e94606d61') in 0.337478 seconds 
========================================================================
Received Import Request.
  Time since last request: 74.842079 seconds.
  path: Assets/prefabs/Enemy/DeadMyself.prefab
  artifactKey: Guid(ea634a20a3316f64b89461cdd5aa799e) Importer(815301076,1909f56bfc062723c751e8b465ee728b)
Start importing Assets/prefabs/Enemy/DeadMyself.prefab using Guid(ea634a20a3316f64b89461cdd5aa799e) Importer(815301076,1909f56bfc062723c751e8b465ee728b)  -> (artifact id: '2d524daabeaeb8183782594498734cef') in 0.018309 seconds 
========================================================================
Received Import Request.
  Time since last request: 2.270602 seconds.
  path: Assets/prefabs/Enemy/DeadMyself.prefab
  artifactKey: Guid(ea634a20a3316f64b89461cdd5aa799e) Importer(815301076,1909f56bfc062723c751e8b465ee728b)
Start importing Assets/prefabs/Enemy/DeadMyself.prefab using Guid(ea634a20a3316f64b89461cdd5aa799e) Importer(815301076,1909f56bfc062723c751e8b465ee728b)  -> (artifact id: '3dcc8bd9beee5bc0535c0159453f4a92') in 0.017680 seconds 
========================================================================
Received Import Request.
  Time since last request: 5.561939 seconds.
  path: Assets/prefabs/Enemy/DeadMyself.prefab
  artifactKey: Guid(ea634a20a3316f64b89461cdd5aa799e) Importer(815301076,1909f56bfc062723c751e8b465ee728b)
Start importing Assets/prefabs/Enemy/DeadMyself.prefab using Guid(ea634a20a3316f64b89461cdd5aa799e) Importer(815301076,1909f56bfc062723c751e8b465ee728b)  -> (artifact id: 'f62497e96f8d19d2ce85336bb7f28e0a') in 0.083610 seconds 
========================================================================
Received Import Request.
  Time since last request: 32.811234 seconds.
  path: Assets/prefabs/Enemy/DeadMyself.prefab
  artifactKey: Guid(ea634a20a3316f64b89461cdd5aa799e) Importer(815301076,1909f56bfc062723c751e8b465ee728b)
Start importing Assets/prefabs/Enemy/DeadMyself.prefab using Guid(ea634a20a3316f64b89461cdd5aa799e) Importer(815301076,1909f56bfc062723c751e8b465ee728b)  -> (artifact id: 'abee067a2795bbbfa3c20cd5475ec66c') in 0.021933 seconds 
========================================================================
Received Import Request.
  Time since last request: 2.159593 seconds.
  path: Assets/prefabs/Enemy/DeadMyself.prefab
  artifactKey: Guid(ea634a20a3316f64b89461cdd5aa799e) Importer(815301076,1909f56bfc062723c751e8b465ee728b)
Start importing Assets/prefabs/Enemy/DeadMyself.prefab using Guid(ea634a20a3316f64b89461cdd5aa799e) Importer(815301076,1909f56bfc062723c751e8b465ee728b)  -> (artifact id: 'a70aff130c3b2281683ae044094d818d') in 0.009698 seconds 
